Added Component: Designator=C1(CAPAE200P550X1200_FLAT2)
Added Component: Designator=C2(CAPC1005X55N)
Added Component: Designator=C3(CAPC1005X55N)
Added Component: Designator=D1(LED-0)
Added Component: Designator=D2(LED-0)
Added Component: Designator=D3(LED-0)
Added Component: Designator=L1(0402-A)
Added Component: Designator=LED1(LED-0603-RED)
Added Component: Designator=P1(HDR2X3)
Added Component: Designator=P2(HDR1X3)
Added Component: Designator=R1(RESC1005X40N)
Added Component: Designator=R2(RESC1608X55N)
Added Component: Designator=R3(RESC1005X40N)
Added Component: Designator=R4(RESC1608X55N)
Added Component: Designator=R5(RESC1608X55N)
Added Component: Designator=R6(RESC1608X55N)
Added Component: Designator=R7(RESC1608X55N)
Added Component: Designator=U1(20M1_N)
Added Pin To Net: NetName=NetC1_1 Pin=C1-1
Added Pin To Net: NetName=NetC1_2 Pin=C1-2
Added Pin To Net: NetName=NetC1_2 Pin=C2-1
Added Pin To Net: NetName=NetC1_1 Pin=C2-2
Added Pin To Net: NetName=NetC3_1 Pin=C3-1
Added Pin To Net: NetName=NetC1_2 Pin=C3-2
Added Pin To Net: NetName=NetC1_1 Pin=D1-1
Added Pin To Net: NetName=NetC3_1 Pin=D1-2
Added Pin To Net: NetName=NetD2_1 Pin=D2-1
Added Pin To Net: NetName=NetC1_2 Pin=D2-2
Added Pin To Net: NetName=NetD3_1 Pin=D3-1
Added Pin To Net: NetName=NetC1_2 Pin=D3-2
Added Pin To Net: NetName=NetL1_1 Pin=L1-1
Added Pin To Net: NetName=NetC1_1 Pin=L1-2
Added Pin To Net: NetName=NetLED1_A Pin=LED1-A
Added Pin To Net: NetName=NetC1_2 Pin=LED1-K
Added Pin To Net: NetName=NetR1_1 Pin=R1-1
Added Pin To Net: NetName=NetP2_SIG Pin=R1-2
Added Pin To Net: NetName=NetP1_SCK Pin=R2-1
Added Pin To Net: NetName=NetR2_2 Pin=R2-2
Added Pin To Net: NetName=NetR2_2 Pin=R3-1
Added Pin To Net: NetName=NetP2_SIG Pin=R3-2
Added Pin To Net: NetName=NetR1_1 Pin=R4-1
Added Pin To Net: NetName=NetLED1_A Pin=R4-2
Added Pin To Net: NetName=NetD2_1 Pin=R5-1
Added Pin To Net: NetName=NetP1_MOSI Pin=R5-2
Added Pin To Net: NetName=NetD3_1 Pin=R6-1
Added Pin To Net: NetName=NetP1_MISO Pin=R6-2
Added Pin To Net: NetName=NetC1_2 Pin=R7-1
Added Pin To Net: NetName=NetC3_1 Pin=R7-2
Added Pin To Net: NetName=NetP1_RST Pin=U1-1
Added Pin To Net: NetName=NetR1_1 Pin=U1-2
Added Pin To Net: NetName=NetC3_1 Pin=U1-5
Added Pin To Net: NetName=NetC1_2 Pin=U1-8
Added Pin To Net: NetName=NetP1_MOSI Pin=U1-11
Added Pin To Net: NetName=NetP1_MISO Pin=U1-12
Added Pin To Net: NetName=NetP1_SCK Pin=U1-14
Added Pin To Net: NetName=NetC1_1 Pin=U1-15
Change Net Name : Old Net Name=NetC1_1 New Net Name=5V
Change Net Name : Old Net Name=NetC1_2 New Net Name=GND
Change Net Name : Old Net Name=NetP2_SIG New Net Name=SIG
Added Member To Class: ClassName=board1 Member=Component C1 100µ
Added Member To Class: ClassName=board1 Member=Component C2 100n
Added Member To Class: ClassName=board1 Member=Component C3 1n
Added Member To Class: ClassName=board1 Member=Component D1 SFH3100F
Added Member To Class: ClassName=board1 Member=Component D2 GL480E
Added Member To Class: ClassName=board1 Member=Component D3 GL480E
Added Member To Class: ClassName=board1 Member=Component L1 Inductor
Added Member To Class: ClassName=board1 Member=Component LED1 Red
Added Member To Class: ClassName=board1 Member=Component P1 ICSP
Added Member To Class: ClassName=board1 Member=Component P2 Header 3
Added Member To Class: ClassName=board1 Member=Component R1 Thick Film
Added Member To Class: ClassName=board1 Member=Component R2 Thick Film
Added Member To Class: ClassName=board1 Member=Component R3 Thick Film
Added Member To Class: ClassName=board1 Member=Component R4 Thick Film
Added Member To Class: ClassName=board1 Member=Component R5 Thick Film
Added Member To Class: ClassName=board1 Member=Component R6 Thick Film
Added Member To Class: ClassName=board1 Member=Component R7 Thick Film
Added Member To Class: ClassName=board1 Member=Component U1 ATtiny45-20MU
Added Room: Name=board1
