Added Component: Designator=C1(CAPAE200P550X1200_FLAT2)
Added Component: Designator=C2(CAPC1005X55N)
Added Component: Designator=C3(CAPC1005X55N)
Added Component: Designator=D1(LED-0)
Added Component: Designator=D2(LED-0)
Added Component: Designator=L1(0402-A)
Added Component: Designator=LED1(LED-0603-RED)
Added Component: Designator=P1(HDR2X3)
Added Component: Designator=P2(HDR1X3)
Added Component: Designator=P2(HDR1X4)
Added Component: Designator=Q1(LED-0)
Added Component: Designator=R1(RESC1005X40N)
Added Component: Designator=R2(RESC1005X40N)
Added Component: Designator=R3(RESC1608X55N)
Added Component: Designator=R4(RESC1608X55N)
Added Component: Designator=R5(RESC1608X55N)
Added Component: Designator=R6(RESC1608X55N)
Added Component: Designator=U1(8S2_N)
Added Pin To Net: NetName=5V Pin=C1-1
Added Pin To Net: NetName=GND Pin=C1-2
Added Pin To Net: NetName=GND Pin=C2-1
Added Pin To Net: NetName=5V Pin=C2-2
Added Pin To Net: NetName=GND Pin=C3-2
Added Pin To Net: NetName=GND Pin=D1-2
Added Pin To Net: NetName=GND Pin=D2-2
Added Pin To Net: NetName=VCC Pin=L1-1
Added Pin To Net: NetName=5V Pin=L1-2
Added Pin To Net: NetName=GND Pin=LED1-K
Added Pin To Net: NetName=5V Pin=P1-2
Added Pin To Net: NetName=GND Pin=P1-6
Added Pin To Net: NetName=SIG Pin=P2-1
Added Pin To Net: NetName=SIG Pin=P2-1
Added Pin To Net: NetName=GND Pin=P2-2
Added Pin To Net: NetName=GND Pin=P2-3
Added Pin To Net: NetName=VCC Pin=P2-3
Added Pin To Net: NetName=VCC Pin=P2-4
Added Pin To Net: NetName=5V Pin=Q1-1
Added Pin To Net: NetName=SIG Pin=R1-2
Added Pin To Net: NetName=SIG Pin=R2-2
Added Pin To Net: NetName=GND Pin=R6-1
Added Pin To Net: NetName=GND Pin=U1-4
Added Pin To Net: NetName=5V Pin=U1-8
Added Class: Name=board2
Added Member To Class: ClassName=board1 Member=Component P2 Header 4
