Added Component: Designator=P2(HDR1X4)
Added Pin To Net: NetName=SIG Pin=P2-1
Added Pin To Net: NetName=GND Pin=P2-3
Added Pin To Net: NetName=VCC Pin=P2-4
Added Member To Class: ClassName=board1 Member=Component C1 100µ
Added Member To Class: ClassName=board1 Member=Component C2 100n
Added Member To Class: ClassName=board1 Member=Component C3 1n
Added Member To Class: ClassName=board1 Member=Component D1 GL480E
Added Member To Class: ClassName=board1 Member=Component D2 GL480E
Added Member To Class: ClassName=board1 Member=Component L1 Inductor
Added Member To Class: ClassName=board1 Member=Component LED1 Red
Added Member To Class: ClassName=board1 Member=Component P2 Header 4
Added Member To Class: ClassName=board1 Member=Component Q1 SFH3100F
Added Member To Class: ClassName=board1 Member=Component R1 Thick Film
Added Member To Class: ClassName=board1 Member=Component R2 Thick Film
Added Member To Class: ClassName=board1 Member=Component R3 Thick Film
Added Member To Class: ClassName=board1 Member=Component R4 Thick Film
Added Member To Class: ClassName=board1 Member=Component R5 Thick Film
Added Member To Class: ClassName=board1 Member=Component R6 Thick Film
Added Member To Class: ClassName=board1 Member=Component U1 ATtiny45-20SH
